{"numTotalTestSuites":7,"numPassedTestSuites":7,"numFailedTestSuites":0,"numPendingTestSuites":0,"numTotalTests":13,"numPassedTests":13,"numFailedTests":0,"numPendingTests":0,"numTodoTests":0,"snapshot":{"added":0,"failure":false,"filesAdded":0,"filesRemoved":0,"filesRemovedList":[],"filesUnmatched":0,"filesUpdated":0,"matched":0,"total":0,"unchecked":0,"uncheckedKeysByFile":[],"unmatched":0,"updated":0,"didUpdate":false},"startTime":1772375339732,"success":true,"testResults":[{"assertionResults":[{"ancestorTitles":["routingStore"],"fullName":"routingStore registers nodes and routes an edge between them","status":"passed","title":"registers nodes and routes an edge between them","duration":27.907021999999984,"failureMessages":[],"meta":{}},{"ancestorTitles":["routingStore"],"fullName":"routingStore nudges parallel edges apart","status":"passed","title":"nudges parallel edges apart","duration":5.10473300000001,"failureMessages":[],"meta":{}},{"ancestorTitles":["routingStore"],"fullName":"routingStore unregisters an edge and stops returning its points","status":"passed","title":"unregisters an edge and stops returning its points","duration":3.4344030000000885,"failureMessages":[],"meta":{}}],"startTime":1772375342830,"endTime":1772375342866.4343,"status":"passed","message":"","name":"/home/runner/work/resource-mapper/resource-mapper/packages/core/src/lib/stores/routingStore.test.ts"},{"assertionResults":[{"ancestorTitles":["layoutFlowGraph"],"fullName":"layoutFlowGraph returns positions for nodes and preserves signature","status":"passed","title":"returns positions for nodes and preserves signature","duration":85.73784299999988,"failureMessages":[],"meta":{}},{"ancestorTitles":["layoutFlowGraph"],"fullName":"layoutFlowGraph keeps nodes and edges ids and data","status":"passed","title":"keeps nodes and edges ids and data","duration":21.516830000000027,"failureMessages":[],"meta":{}},{"ancestorTitles":["layoutFlowGraph"],"fullName":"layoutFlowGraph handles a simple group with a child service node","status":"passed","title":"handles a simple group with a child service node","duration":17.275472999999693,"failureMessages":[],"meta":{}},{"ancestorTitles":["calculateEdgeOffset"],"fullName":"calculateEdgeOffset returns 0 for a single edge","status":"passed","title":"returns 0 for a single edge","duration":0.47694899999987683,"failureMessages":[],"meta":{}},{"ancestorTitles":["calculateEdgeOffset"],"fullName":"calculateEdgeOffset spreads multiple edges and sorts them by target position","status":"passed","title":"spreads multiple edges and sorts them by target position","duration":0.3992640000001302,"failureMessages":[],"meta":{}},{"ancestorTitles":["calculateEdgeOffset"],"fullName":"calculateEdgeOffset spreads three edges correctly","status":"passed","title":"spreads three edges correctly","duration":0.2649140000003172,"failureMessages":[],"meta":{}},{"ancestorTitles":["calculateEdgeOffset"],"fullName":"calculateEdgeOffset correctly calculates offsets for nodes in groups vs orphans using absolute coordinates","status":"passed","title":"correctly calculates offsets for nodes in groups vs orphans using absolute coordinates","duration":0.39906399999972564,"failureMessages":[],"meta":{}},{"ancestorTitles":["calculateEdgeOffset"],"fullName":"calculateEdgeOffset correctly calculates absolute coordinates for deeply nested nodes","status":"passed","title":"correctly calculates absolute coordinates for deeply nested nodes","duration":0.23956700000007913,"failureMessages":[],"meta":{}}],"startTime":1772375342077,"endTime":1772375342204.2395,"status":"passed","message":"","name":"/home/runner/work/resource-mapper/resource-mapper/packages/core/src/lib/utils/flow/layout.test.ts"},{"assertionResults":[{"ancestorTitles":["servicesGraph"],"fullName":"servicesGraph correctly loads bidirectional connections between two services in the same group","status":"passed","title":"correctly loads bidirectional connections between two services in the same group","duration":10.773513999999977,"failureMessages":[],"meta":{}},{"ancestorTitles":["servicesGraph"],"fullName":"servicesGraph correctly loads bidirectional connections involving an external service","status":"passed","title":"correctly loads bidirectional connections involving an external service","duration":1.354674999999986,"failureMessages":[],"meta":{}}],"startTime":1772375343049,"endTime":1772375343061.3547,"status":"passed","message":"","name":"/home/runner/work/resource-mapper/resource-mapper/packages/core/src/lib/utils/flow/servicesGraph.test.ts"}]}