{"numTotalTestSuites":37,"numPassedTestSuites":37,"numFailedTestSuites":0,"numPendingTestSuites":0,"numTotalTests":89,"numPassedTests":89,"numFailedTests":0,"numPendingTests":0,"numTodoTests":0,"snapshot":{"added":0,"failure":false,"filesAdded":0,"filesRemoved":0,"filesRemovedList":[],"filesUnmatched":0,"filesUpdated":0,"matched":0,"total":0,"unchecked":0,"uncheckedKeysByFile":[],"unmatched":0,"updated":0,"didUpdate":false},"startTime":1772375333482,"success":true,"testResults":[{"assertionResults":[{"ancestorTitles":["bake-logic","runBake – file system errors"],"fullName":"bake-logic runBake – file system errors throws and logs an error when the data directory does not exist","status":"passed","title":"throws and logs an error when the data directory does not exist","duration":119.74984400000005,"failureMessages":[],"meta":{}},{"ancestorTitles":["bake-logic","runBake – happy path"],"fullName":"bake-logic runBake – happy path logs how many YAML files were found","status":"passed","title":"logs how many YAML files were found","duration":2.9630630000000338,"failureMessages":[],"meta":{}},{"ancestorTitles":["bake-logic","runBake – happy path"],"fullName":"bake-logic runBake – happy path constructs GroupService, ServicesService, TeamsService and ConnectionsService","status":"passed","title":"constructs GroupService, ServicesService, TeamsService and ConnectionsService","duration":1.749321000000009,"failureMessages":[],"meta":{}},{"ancestorTitles":["bake-logic","runBake – happy path"],"fullName":"bake-logic runBake – happy path calls getAllGroups, getAllTeams, servicesService.prepare and getAllGroupConnections","status":"passed","title":"calls getAllGroups, getAllTeams, servicesService.prepare and getAllGroupConnections","duration":5.8705920000001015,"failureMessages":[],"meta":{}},{"ancestorTitles":["bake-logic","runBake – happy path"],"fullName":"bake-logic runBake – happy path calls getServicesByGroup and getExternalServicesForGroup for each group","status":"passed","title":"calls getServicesByGroup and getExternalServicesForGroup for each group","duration":2.3138930000000073,"failureMessages":[],"meta":{}},{"ancestorTitles":["bake-logic","runBake – happy path"],"fullName":"bake-logic runBake – happy path writes aggregated JSON to the output path","status":"passed","title":"writes aggregated JSON to the output path","duration":1.429234000000065,"failureMessages":[],"meta":{}},{"ancestorTitles":["bake-logic","runBake – happy path"],"fullName":"bake-logic runBake – happy path logs the resolved output path and success message","status":"passed","title":"logs the resolved output path and success message","duration":1.7233919999999898,"failureMessages":[],"meta":{}},{"ancestorTitles":["bake-logic","runBake – happy path"],"fullName":"bake-logic runBake – happy path creates the output directory if it does not exist","status":"passed","title":"creates the output directory if it does not exist","duration":1.7061300000000301,"failureMessages":[],"meta":{}},{"ancestorTitles":["bake-logic","runBake – happy path"],"fullName":"bake-logic runBake – happy path logs error and rethrows when writeFileSync throws","status":"passed","title":"logs error and rethrows when writeFileSync throws","duration":2.0360150000000203,"failureMessages":[],"meta":{}},{"ancestorTitles":["bake-logic","runBake – happy path"],"fullName":"bake-logic runBake – happy path uses default dataDir from process.cwd() when no opts are provided","status":"passed","title":"uses default dataDir from process.cwd() when no opts are provided","duration":1.432971000000066,"failureMessages":[],"meta":{}}],"startTime":1772375333925,"endTime":1772375334067.4329,"status":"passed","message":"","name":"/home/runner/work/resource-mapper/resource-mapper/packages/engine/src/scripts/bake-logic.test.ts"},{"assertionResults":[{"ancestorTitles":["download-aws-icons"],"fullName":"download-aws-icons should skip update if icons are up to date","status":"passed","title":"should skip update if icons are up to date","duration":3.8301189999999963,"failureMessages":[],"meta":{}},{"ancestorTitles":["download-aws-icons"],"fullName":"download-aws-icons should update if icons are old","status":"passed","title":"should update if icons are old","duration":1.1358669999999904,"failureMessages":[],"meta":{}},{"ancestorTitles":["download-aws-icons"],"fullName":"download-aws-icons should handle successful download and extraction with flattening","status":"passed","title":"should handle successful download and extraction with flattening","duration":1.0363920000000064,"failureMessages":[],"meta":{}},{"ancestorTitles":["download-aws-icons"],"fullName":"download-aws-icons should handle fetch failure","status":"passed","title":"should handle fetch failure","duration":1.6310000000000002,"failureMessages":[],"meta":{}},{"ancestorTitles":["download-aws-icons"],"fullName":"download-aws-icons handles fetch rejection: AbortError (timeout)","status":"passed","title":"handles fetch rejection: AbortError (timeout)","duration":0.5004030000000057,"failureMessages":[],"meta":{}},{"ancestorTitles":["download-aws-icons"],"fullName":"download-aws-icons handles fetch rejection: generic Error","status":"passed","title":"handles fetch rejection: generic Error","duration":0.3093069999999898,"failureMessages":[],"meta":{}},{"ancestorTitles":["download-aws-icons"],"fullName":"download-aws-icons handles fetch rejection: unknown throw value","status":"passed","title":"handles fetch rejection: unknown throw value","duration":0.39439500000000294,"failureMessages":[],"meta":{}},{"ancestorTitles":["download-aws-icons"],"fullName":"download-aws-icons should handle empty ZIP extraction","status":"passed","title":"should handle empty ZIP extraction","duration":0.5962509999999952,"failureMessages":[],"meta":{}},{"ancestorTitles":["download-aws-icons"],"fullName":"download-aws-icons should handle more than one item in ZIP extraction (no flattening)","status":"passed","title":"should handle more than one item in ZIP extraction (no flattening)","duration":0.682563000000016,"failureMessages":[],"meta":{}}],"startTime":1772375335014,"endTime":1772375335024.6826,"status":"passed","message":"","name":"/home/runner/work/resource-mapper/resource-mapper/packages/engine/src/scripts/download-aws-icons.test.ts"},{"assertionResults":[{"ancestorTitles":["ConnectionsService"],"fullName":"ConnectionsService returns outgoing connections for a service","status":"passed","title":"returns outgoing connections for a service","duration":12.818662999999987,"failureMessages":[],"meta":{}},{"ancestorTitles":["ConnectionsService"],"fullName":"ConnectionsService returns incoming connections for a service","status":"passed","title":"returns incoming connections for a service","duration":3.1933720000000108,"failureMessages":[],"meta":{}},{"ancestorTitles":["ConnectionsService"],"fullName":"ConnectionsService returns outgoing connections for a group","status":"passed","title":"returns outgoing connections for a group","duration":5.255306000000019,"failureMessages":[],"meta":{}},{"ancestorTitles":["ConnectionsService"],"fullName":"ConnectionsService returns incoming connections for a group","status":"passed","title":"returns incoming connections for a group","duration":3.1084940000000074,"failureMessages":[],"meta":{}},{"ancestorTitles":["ConnectionsService"],"fullName":"ConnectionsService filters self-loop connections by default but can include them","status":"passed","title":"filters self-loop connections by default but can include them","duration":3.2237890000000107,"failureMessages":[],"meta":{}},{"ancestorTitles":["ConnectionsService"],"fullName":"ConnectionsService aggregates group connections with accurate counts","status":"passed","title":"aggregates group connections with accurate counts","duration":3.153347000000025,"failureMessages":[],"meta":{}}],"startTime":1772375335184,"endTime":1772375335215.1533,"status":"passed","message":"","name":"/home/runner/work/resource-mapper/resource-mapper/packages/engine/src/services/ConnectionsService.test.ts"},{"assertionResults":[{"ancestorTitles":["ResourceService"],"fullName":"ResourceService parses group metadata from YAML files","status":"passed","title":"parses group metadata from YAML files","duration":10.681128999999999,"failureMessages":[],"meta":{}},{"ancestorTitles":["ResourceService"],"fullName":"ResourceService returns all discovered groups keyed by folder name","status":"passed","title":"returns all discovered groups keyed by folder name","duration":4.146177999999992,"failureMessages":[],"meta":{}},{"ancestorTitles":["ResourceService"],"fullName":"ResourceService returns null when a group folder is missing","status":"passed","title":"returns null when a group folder is missing","duration":1.678878999999995,"failureMessages":[],"meta":{}},{"ancestorTitles":["ResourceService"],"fullName":"ResourceService ignores non-group files when rebuilding index","status":"passed","title":"ignores non-group files when rebuilding index","duration":3.344173000000012,"failureMessages":[],"meta":{}},{"ancestorTitles":["ResourceService"],"fullName":"ResourceService returns null for invalid/empty group YAML (parseEntity returns null)","status":"passed","title":"returns null for invalid/empty group YAML (parseEntity returns null)","duration":1.1712050000000147,"failureMessages":[],"meta":{}},{"ancestorTitles":["ResourceService"],"fullName":"ResourceService parseEntity returns null and logs error for invalid YAML","status":"passed","title":"parseEntity returns null and logs error for invalid YAML","duration":8.31740099999999,"failureMessages":[],"meta":{}}],"startTime":1772375336326,"endTime":1772375336355.3174,"status":"passed","message":"","name":"/home/runner/work/resource-mapper/resource-mapper/packages/engine/src/services/GroupService.test.ts"},{"assertionResults":[{"ancestorTitles":["ServicesService"],"fullName":"ServicesService loads a single service definition by group and identifier","status":"passed","title":"loads a single service definition by group and identifier","duration":13.484825,"failureMessages":[],"meta":{}},{"ancestorTitles":["ServicesService"],"fullName":"ServicesService returns all services for a group","status":"passed","title":"returns all services for a group","duration":5.623120999999998,"failureMessages":[],"meta":{}},{"ancestorTitles":["ServicesService"],"fullName":"ServicesService returns null for unknown services","status":"passed","title":"returns null for unknown services","duration":1.5105069999999898,"failureMessages":[],"meta":{}},{"ancestorTitles":["ServicesService"],"fullName":"ServicesService returns external services grouped by direction","status":"passed","title":"returns external services grouped by direction","duration":7.954627000000016,"failureMessages":[],"meta":{}},{"ancestorTitles":["ServicesService"],"fullName":"ServicesService populates incoming connections on target services","status":"passed","title":"populates incoming connections on target services","duration":2.7470500000000015,"failureMessages":[],"meta":{}},{"ancestorTitles":["ServicesService"],"fullName":"ServicesService returns both incoming and outgoing entries when the same service has bidirectional links to the same external service","status":"passed","title":"returns both incoming and outgoing entries when the same service has bidirectional links to the same external service","duration":5.236701000000011,"failureMessages":[],"meta":{}},{"ancestorTitles":["ServicesService"],"fullName":"ServicesService rejects legacy brace-based target identifiers","status":"passed","title":"rejects legacy brace-based target identifiers","duration":8.719090999999992,"failureMessages":[],"meta":{}}],"startTime":1772375334540,"endTime":1772375334585.719,"status":"passed","message":"","name":"/home/runner/work/resource-mapper/resource-mapper/packages/engine/src/services/ServicesService.test.ts"},{"assertionResults":[{"ancestorTitles":["TeamsService"],"fullName":"TeamsService returns team information for a given team id","status":"passed","title":"returns team information for a given team id","duration":10.33877099999998,"failureMessages":[],"meta":{}},{"ancestorTitles":["TeamsService"],"fullName":"TeamsService builds a map of all teams","status":"passed","title":"builds a map of all teams","duration":3.5605660000000228,"failureMessages":[],"meta":{}},{"ancestorTitles":["TeamsService"],"fullName":"TeamsService returns null for unknown teams","status":"passed","title":"returns null for unknown teams","duration":1.596665999999999,"failureMessages":[],"meta":{}},{"ancestorTitles":["TeamsService"],"fullName":"TeamsService ignores non-team files when rebuilding index","status":"passed","title":"ignores non-team files when rebuilding index","duration":2.2715239999999994,"failureMessages":[],"meta":{}},{"ancestorTitles":["TeamsService"],"fullName":"TeamsService returns null when team yaml is invalid or empty","status":"passed","title":"returns null when team yaml is invalid or empty","duration":1.3594339999999931,"failureMessages":[],"meta":{}},{"ancestorTitles":["TeamsService"],"fullName":"TeamsService parseEntity returns null and logs error for invalid YAML","status":"passed","title":"parseEntity returns null and logs error for invalid YAML","duration":9.068602999999996,"failureMessages":[],"meta":{}}],"startTime":1772375336513,"endTime":1772375336541.0686,"status":"passed","message":"","name":"/home/runner/work/resource-mapper/resource-mapper/packages/engine/src/services/TeamsService.test.ts"},{"assertionResults":[{"ancestorTitles":["BaseCommand"],"fullName":"BaseCommand registers command with correct name and description","status":"passed","title":"registers command with correct name and description","duration":4.144765000000007,"failureMessages":[],"meta":{}},{"ancestorTitles":["BaseCommand"],"fullName":"BaseCommand calls run when command is executed via Commander with correct args","status":"passed","title":"calls run when command is executed via Commander with correct args","duration":2.032817999999992,"failureMessages":[],"meta":{}}],"startTime":1772375336776,"endTime":1772375336782.0327,"status":"passed","message":"","name":"/home/runner/work/resource-mapper/resource-mapper/packages/engine/src/cli/commands/base.test.ts"},{"assertionResults":[{"ancestorTitles":["bake-util","getDataDir"],"fullName":"bake-util getDataDir returns a path ending with /data","status":"passed","title":"returns a path ending with /data","duration":12.36761199999998,"failureMessages":[],"meta":{}},{"ancestorTitles":["bake-util","getOutputDir"],"fullName":"bake-util getOutputDir returns a path ending with /.mapper","status":"passed","title":"returns a path ending with /.mapper","duration":0.5703430000000083,"failureMessages":[],"meta":{}},{"ancestorTitles":["bake-util","getOutputPath"],"fullName":"bake-util getOutputPath returns a path containing data.json","status":"passed","title":"returns a path containing data.json","duration":0.6483489999999961,"failureMessages":[],"meta":{}},{"ancestorTitles":["bake-util","bakeOrExit"],"fullName":"bake-util bakeOrExit calls runBake with a correct dataDir when data directory exists","status":"passed","title":"calls runBake with a correct dataDir when data directory exists","duration":3.921399000000008,"failureMessages":[],"meta":{}},{"ancestorTitles":["bake-util","bakeOrExit"],"fullName":"bake-util bakeOrExit calls runBake with a correct outputPath when data directory exists","status":"passed","title":"calls runBake with a correct outputPath when data directory exists","duration":0.972502999999989,"failureMessages":[],"meta":{}},{"ancestorTitles":["bake-util","bakeOrExit"],"fullName":"bake-util bakeOrExit logs an error and calls process.exit(1) when data directory is missing","status":"passed","title":"logs an error and calls process.exit(1) when data directory is missing","duration":3.7378450000000214,"failureMessages":[],"meta":{}}],"startTime":1772375335386,"endTime":1772375335408.7378,"status":"passed","message":"","name":"/home/runner/work/resource-mapper/resource-mapper/packages/engine/src/cli/utils/bake-util.test.ts"},{"assertionResults":[{"ancestorTitles":["config-mapper (integration – real zod)","MapperConfigSchema"],"fullName":"config-mapper (integration – real zod) MapperConfigSchema applies default value for build.outDir when parsing an empty object","status":"passed","title":"applies default value for build.outDir when parsing an empty object","duration":57.08480400000002,"failureMessages":[],"meta":{}},{"ancestorTitles":["config-mapper (integration – real zod)","MapperConfigSchema"],"fullName":"config-mapper (integration – real zod) MapperConfigSchema applies default value for site.title when parsing an empty object","status":"passed","title":"applies default value for site.title when parsing an empty object","duration":0.2990570000000048,"failureMessages":[],"meta":{}},{"ancestorTitles":["config-mapper (integration – real zod)","MapperConfigSchema"],"fullName":"config-mapper (integration – real zod) MapperConfigSchema applies default value for site.subtitle when parsing an empty object","status":"passed","title":"applies default value for site.subtitle when parsing an empty object","duration":0.41622599999999466,"failureMessages":[],"meta":{}},{"ancestorTitles":["config-mapper (integration – real zod)","MapperConfigSchema"],"fullName":"config-mapper (integration – real zod) MapperConfigSchema accepts and returns custom build.outDir","status":"passed","title":"accepts and returns custom build.outDir","duration":0.7567800000000204,"failureMessages":[],"meta":{}},{"ancestorTitles":["config-mapper (integration – real zod)","MapperConfigSchema"],"fullName":"config-mapper (integration – real zod) MapperConfigSchema accepts and returns custom site title and subtitle","status":"passed","title":"accepts and returns custom site title and subtitle","duration":0.6398420000000158,"failureMessages":[],"meta":{}},{"ancestorTitles":["config-mapper (integration – real zod)","MapperConfigSchema"],"fullName":"config-mapper (integration – real zod) MapperConfigSchema accepts and returns an optional logo","status":"passed","title":"accepts and returns an optional logo","duration":0.23126099999998928,"failureMessages":[],"meta":{}},{"ancestorTitles":["config-mapper (integration – real zod)","MapperConfigSchema"],"fullName":"config-mapper (integration – real zod) MapperConfigSchema logo is undefined when not provided","status":"passed","title":"logo is undefined when not provided","duration":0.3129040000000032,"failureMessages":[],"meta":{}},{"ancestorTitles":["config-mapper (integration – real zod)","MapperConfigSchema"],"fullName":"config-mapper (integration – real zod) MapperConfigSchema throws a ZodError for an invalid outDir type","status":"passed","title":"throws a ZodError for an invalid outDir type","duration":1.2149239999999963,"failureMessages":[],"meta":{}},{"ancestorTitles":["config-mapper (integration – real zod)","getMapperConfig"],"fullName":"config-mapper (integration – real zod) getMapperConfig returns defaults when mapper.config.json does not exist","status":"passed","title":"returns defaults when mapper.config.json does not exist","duration":0.6977310000000045,"failureMessages":[],"meta":{}},{"ancestorTitles":["config-mapper (integration – real zod)","getMapperConfig"],"fullName":"config-mapper (integration – real zod) getMapperConfig does not call readFileSync when the config file does not exist","status":"passed","title":"does not call readFileSync when the config file does not exist","duration":0.5198689999999999,"failureMessages":[],"meta":{}},{"ancestorTitles":["config-mapper (integration – real zod)","getMapperConfig"],"fullName":"config-mapper (integration – real zod) getMapperConfig reads and parses mapper.config.json when it exists","status":"passed","title":"reads and parses mapper.config.json when it exists","duration":1.9700320000000033,"failureMessages":[],"meta":{}},{"ancestorTitles":["config-mapper (integration – real zod)","getMapperConfig"],"fullName":"config-mapper (integration – real zod) getMapperConfig merges partial config with defaults (site stays default when not provided)","status":"passed","title":"merges partial config with defaults (site stays default when not provided)","duration":0.29969900000000393,"failureMessages":[],"meta":{}},{"ancestorTitles":["config-mapper (integration – real zod)","getMapperConfig"],"fullName":"config-mapper (integration – real zod) getMapperConfig returns a full custom config when all fields are provided","status":"passed","title":"returns a full custom config when all fields are provided","duration":0.2904010000000028,"failureMessages":[],"meta":{}},{"ancestorTitles":["config-mapper (integration – real zod)","getMapperConfig"],"fullName":"config-mapper (integration – real zod) getMapperConfig throws when config file contains invalid JSON","status":"passed","title":"throws when config file contains invalid JSON","duration":0.4410819999999944,"failureMessages":[],"meta":{}},{"ancestorTitles":["config-mapper (integration – real zod)","getMapperConfig"],"fullName":"config-mapper (integration – real zod) getMapperConfig throws when config file contains wrong field type","status":"passed","title":"throws when config file contains wrong field type","duration":0.33257000000000403,"failureMessages":[],"meta":{}}],"startTime":1772375334737,"endTime":1772375334803.3325,"status":"passed","message":"","name":"/home/runner/work/resource-mapper/resource-mapper/packages/engine/src/cli/utils/config-mapper.test.ts"},{"assertionResults":[{"ancestorTitles":["ViteLauncher","resolveTemplateRoot (via launch)"],"fullName":"ViteLauncher resolveTemplateRoot (via launch) resolves @resource-mapper/core package path and passes its dirname as cwd to execa","status":"passed","title":"resolves @resource-mapper/core package path and passes its dirname as cwd to execa","duration":5.8787379999999985,"failureMessages":[],"meta":{}},{"ancestorTitles":["ViteLauncher","resolveTemplateRoot (via launch)"],"fullName":"ViteLauncher resolveTemplateRoot (via launch) calls logger.error and process.exit(1) when @resource-mapper/core cannot be resolved","status":"passed","title":"calls logger.error and process.exit(1) when @resource-mapper/core cannot be resolved","duration":4.606776999999994,"failureMessages":[],"meta":{}},{"ancestorTitles":["ViteLauncher","findViteBin (via launch)"],"fullName":"ViteLauncher findViteBin (via launch) uses the vite bin resolved via require.resolve when the path exists","status":"passed","title":"uses the vite bin resolved via require.resolve when the path exists","duration":2.196142999999978,"failureMessages":[],"meta":{}},{"ancestorTitles":["ViteLauncher","findViteBin (via launch)"],"fullName":"ViteLauncher findViteBin (via launch) falls back to local node_modules/.bin/vite when resolved vite path does not exist but local bin does","status":"passed","title":"falls back to local node_modules/.bin/vite when resolved vite path does not exist but local bin does","duration":1.7218599999999924,"failureMessages":[],"meta":{}},{"ancestorTitles":["ViteLauncher","findViteBin (via launch)"],"fullName":"ViteLauncher findViteBin (via launch) falls back to plain \"vite\" string when neither resolved nor local bin exists","status":"passed","title":"falls back to plain \"vite\" string when neither resolved nor local bin exists","duration":2.069837999999976,"failureMessages":[],"meta":{}},{"ancestorTitles":["ViteLauncher","launch"],"fullName":"ViteLauncher launch logs info messages for dev command","status":"passed","title":"logs info messages for dev command","duration":3.2095099999999945,"failureMessages":[],"meta":{}},{"ancestorTitles":["ViteLauncher","launch"],"fullName":"ViteLauncher launch calls execa with correct options for dev command","status":"passed","title":"calls execa with correct options for dev command","duration":2.598946000000012,"failureMessages":[],"meta":{}},{"ancestorTitles":["ViteLauncher","launch"],"fullName":"ViteLauncher launch passes only [\"dev\"] as args and does not include --outDir when outDir is omitted","status":"passed","title":"passes only [\"dev\"] as args and does not include --outDir when outDir is omitted","duration":1.22392099999999,"failureMessages":[],"meta":{}},{"ancestorTitles":["ViteLauncher","launch"],"fullName":"ViteLauncher launch passes only [\"build\"] as args and does not include --outDir when outDir is omitted","status":"passed","title":"passes only [\"build\"] as args and does not include --outDir when outDir is omitted","duration":1.0759459999999876,"failureMessages":[],"meta":{}},{"ancestorTitles":["ViteLauncher","launch"],"fullName":"ViteLauncher launch calls execa with build + --outDir + --emptyOutDir when outDir is provided","status":"passed","title":"calls execa with build + --outDir + --emptyOutDir when outDir is provided","duration":1.0174559999999815,"failureMessages":[],"meta":{}},{"ancestorTitles":["ViteLauncher","launch"],"fullName":"ViteLauncher launch returns the child process returned by execa","status":"passed","title":"returns the child process returned by execa","duration":0.7207539999999995,"failureMessages":[],"meta":{}},{"ancestorTitles":["ViteLauncher","launch"],"fullName":"ViteLauncher launch merges process.env with provided env when calling execa","status":"passed","title":"merges process.env with provided env when calling execa","duration":1.0733699999999828,"failureMessages":[],"meta":{}},{"ancestorTitles":["ViteLauncher","launch"],"fullName":"ViteLauncher launch attaches a catch handler to the child process","status":"passed","title":"attaches a catch handler to the child process","duration":1.024279000000007,"failureMessages":[],"meta":{}},{"ancestorTitles":["ViteLauncher","launch"],"fullName":"ViteLauncher launch catch handler with signal SIGINT: logs=killed exit=false","status":"passed","title":"catch handler with signal SIGINT: logs=killed exit=false","duration":1.2623729999999966,"failureMessages":[],"meta":{}},{"ancestorTitles":["ViteLauncher","launch"],"fullName":"ViteLauncher launch catch handler with signal SIGTERM: logs=something went wrong exit=true","status":"passed","title":"catch handler with signal SIGTERM: logs=something went wrong exit=true","duration":1.3484540000000038,"failureMessages":[],"meta":{}}],"startTime":1772375334281,"endTime":1772375334313.3484,"status":"passed","message":"","name":"/home/runner/work/resource-mapper/resource-mapper/packages/engine/src/cli/utils/vite-launcher.test.ts"},{"assertionResults":[{"ancestorTitles":["BuildCommand"],"fullName":"BuildCommand logs and runs bake/build logic and calls bakeOrExit, getOutputPath, launcher.launch","status":"passed","title":"logs and runs bake/build logic and calls bakeOrExit, getOutputPath, launcher.launch","duration":10.195323000000002,"failureMessages":[],"meta":{}},{"ancestorTitles":["BuildCommand"],"fullName":"BuildCommand sets up cleanup handlers and calls kill/on","status":"passed","title":"sets up cleanup handlers and calls kill/on","duration":2.698069000000004,"failureMessages":[],"meta":{}}],"startTime":1772375336151,"endTime":1772375336163.698,"status":"passed","message":"","name":"/home/runner/work/resource-mapper/resource-mapper/packages/engine/src/cli/commands/impl/build.test.ts"},{"assertionResults":[{"ancestorTitles":["DevCommand"],"fullName":"DevCommand logs and runs bake/dev logic and calls bakeOrExit, getDataDir, getOutputPath, launcher.launch, watcher.on","status":"passed","title":"logs and runs bake/dev logic and calls bakeOrExit, getDataDir, getOutputPath, launcher.launch, watcher.on","duration":10.629311999999999,"failureMessages":[],"meta":{}},{"ancestorTitles":["DevCommand"],"fullName":"DevCommand sets up cleanup handlers and calls watcher.close, viteProc.kill, viteProc.on","status":"passed","title":"sets up cleanup handlers and calls watcher.close, viteProc.kill, viteProc.on","duration":1.3503880000000095,"failureMessages":[],"meta":{}}],"startTime":1772375335897,"endTime":1772375335908.3503,"status":"passed","message":"","name":"/home/runner/work/resource-mapper/resource-mapper/packages/engine/src/cli/commands/impl/dev.test.ts"},{"assertionResults":[{"ancestorTitles":["ValidateCommand"],"fullName":"ValidateCommand logs validation steps and finds files, calls path.resolve, fs.existsSync, fs.readdirSync","status":"passed","title":"logs validation steps and finds files, calls path.resolve, fs.existsSync, fs.readdirSync","duration":12.62234699999999,"failureMessages":[],"meta":{}},{"ancestorTitles":["ValidateCommand"],"fullName":"ValidateCommand logs error if data directory missing and calls process.exit","status":"passed","title":"logs error if data directory missing and calls process.exit","duration":3.584229999999991,"failureMessages":[],"meta":{}},{"ancestorTitles":["ValidateCommand"],"fullName":"ValidateCommand logs warning if no yaml files found","status":"passed","title":"logs warning if no yaml files found","duration":1.4151080000000036,"failureMessages":[],"meta":{}}],"startTime":1772375335654,"endTime":1772375335671.415,"status":"passed","message":"","name":"/home/runner/work/resource-mapper/resource-mapper/packages/engine/src/cli/commands/impl/validate.test.ts"}]}