{"numTotalTestSuites":10,"numPassedTestSuites":10,"numFailedTestSuites":0,"numPendingTestSuites":0,"numTotalTests":55,"numPassedTests":55,"numFailedTests":0,"numPendingTests":0,"numTodoTests":0,"snapshot":{"added":0,"failure":false,"filesAdded":0,"filesRemoved":0,"filesRemovedList":[],"filesUnmatched":0,"filesUpdated":0,"matched":0,"total":0,"unchecked":0,"uncheckedKeysByFile":[],"unmatched":0,"updated":0,"didUpdate":false},"startTime":1772375333475,"success":true,"testResults":[{"assertionResults":[{"ancestorTitles":["parseServiceIdentifier","string format"],"fullName":"parseServiceIdentifier string format parses \"api/gateway\" into the correct ServiceIdentifier","status":"passed","title":"parses \"api/gateway\" into the correct ServiceIdentifier","duration":2.450879000000043,"failureMessages":[],"meta":{}},{"ancestorTitles":["parseServiceIdentifier","string format"],"fullName":"parseServiceIdentifier string format parses \"data/my-database\" into the correct ServiceIdentifier","status":"passed","title":"parses \"data/my-database\" into the correct ServiceIdentifier","duration":0.2974739999999656,"failureMessages":[],"meta":{}},{"ancestorTitles":["parseServiceIdentifier","string format"],"fullName":"parseServiceIdentifier string format parses \"frontend/site\" into the correct ServiceIdentifier","status":"passed","title":"parses \"frontend/site\" into the correct ServiceIdentifier","duration":0.2377239999999574,"failureMessages":[],"meta":{}},{"ancestorTitles":["parseServiceIdentifier","string format"],"fullName":"parseServiceIdentifier string format throws for invalid string \"gateway{api}\": conn 0","status":"passed","title":"throws for invalid string \"gateway{api}\": conn 0","duration":1.4743479999999636,"failureMessages":[],"meta":{}},{"ancestorTitles":["parseServiceIdentifier","string format"],"fullName":"parseServiceIdentifier string format throws for invalid string \"just-a-name\": conn 1","status":"passed","title":"throws for invalid string \"just-a-name\": conn 1","duration":0.33643699999998944,"failureMessages":[],"meta":{}},{"ancestorTitles":["parseServiceIdentifier","string format"],"fullName":"parseServiceIdentifier string format throws for invalid string \"/service\": conn 2","status":"passed","title":"throws for invalid string \"/service\": conn 2","duration":0.26832999999999174,"failureMessages":[],"meta":{}},{"ancestorTitles":["parseServiceIdentifier","string format"],"fullName":"parseServiceIdentifier string format throws for invalid string \"group/\": conn 3","status":"passed","title":"throws for invalid string \"group/\": conn 3","duration":0.45069999999998345,"failureMessages":[],"meta":{}},{"ancestorTitles":["parseServiceIdentifier","object format"],"fullName":"parseServiceIdentifier object format accepts a valid { groupId, serviceId } object","status":"passed","title":"accepts a valid { groupId, serviceId } object","duration":0.2627289999999789,"failureMessages":[],"meta":{}},{"ancestorTitles":["parseServiceIdentifier","object format"],"fullName":"parseServiceIdentifier object format throws for invalid object ({ serviceId: 'gateway' })","status":"passed","title":"throws for invalid object ({ serviceId: 'gateway' })","duration":0.6545500000000288,"failureMessages":[],"meta":{}},{"ancestorTitles":["parseServiceIdentifier","object format"],"fullName":"parseServiceIdentifier object format throws for invalid object ({ groupId: 'api' })","status":"passed","title":"throws for invalid object ({ groupId: 'api' })","duration":0.4896529999999757,"failureMessages":[],"meta":{}},{"ancestorTitles":["parseServiceIdentifier","object format"],"fullName":"parseServiceIdentifier object format throws for invalid object ({ groupId: '', serviceId: 'gateway' })","status":"passed","title":"throws for invalid object ({ groupId: '', serviceId: 'gateway' })","duration":0.24729200000001583,"failureMessages":[],"meta":{}},{"ancestorTitles":["parseServiceIdentifier","invalid types"],"fullName":"parseServiceIdentifier invalid types throws for null","status":"passed","title":"throws for null","duration":0.27334999999999354,"failureMessages":[],"meta":{}},{"ancestorTitles":["parseServiceIdentifier","invalid types"],"fullName":"parseServiceIdentifier invalid types throws for 42","status":"passed","title":"throws for 42","duration":0.4716900000000237,"failureMessages":[],"meta":{}},{"ancestorTitles":["parseServiceIdentifier","invalid types"],"fullName":"parseServiceIdentifier invalid types throws for undefined","status":"passed","title":"throws for undefined","duration":0.28576299999997445,"failureMessages":[],"meta":{}},{"ancestorTitles":["parseServiceIdentifier","invalid types"],"fullName":"parseServiceIdentifier invalid types throws for true","status":"passed","title":"throws for true","duration":0.2655749999999557,"failureMessages":[],"meta":{}},{"ancestorTitles":["parseServiceIdentifier","invalid types"],"fullName":"parseServiceIdentifier invalid types throws for ","status":"passed","title":"throws for ","duration":0.24130999999999858,"failureMessages":[],"meta":{}},{"ancestorTitles":["validateServiceDefinition"],"fullName":"validateServiceDefinition returns a correct ServiceDefinition for valid minimal input","status":"passed","title":"returns a correct ServiceDefinition for valid minimal input","duration":0.8112409999999954,"failureMessages":[],"meta":{}},{"ancestorTitles":["validateServiceDefinition"],"fullName":"validateServiceDefinition description is undefined when not provided","status":"passed","title":"description is undefined when not provided","duration":0.23939699999999675,"failureMessages":[],"meta":{}},{"ancestorTitles":["validateServiceDefinition"],"fullName":"validateServiceDefinition throws for invalid root input null","status":"passed","title":"throws for invalid root input null","duration":0.3076030000000287,"failureMessages":[],"meta":{}},{"ancestorTitles":["validateServiceDefinition"],"fullName":"validateServiceDefinition throws for invalid root input bad","status":"passed","title":"throws for invalid root input bad","duration":0.2204309999999623,"failureMessages":[],"meta":{}},{"ancestorTitles":["validateServiceDefinition"],"fullName":"validateServiceDefinition throws for invalid root input 42","status":"passed","title":"throws for invalid root input 42","duration":0.25638799999995854,"failureMessages":[],"meta":{}},{"ancestorTitles":["validateServiceDefinition"],"fullName":"validateServiceDefinition throws for invalid field in { serviceType: 'S3' }","status":"passed","title":"throws for invalid field in { serviceType: 'S3' }","duration":0.2693919999999821,"failureMessages":[],"meta":{}},{"ancestorTitles":["validateServiceDefinition"],"fullName":"validateServiceDefinition throws for invalid field in { friendlyName: '', serviceType: 'S3' }","status":"passed","title":"throws for invalid field in { friendlyName: '', serviceType: 'S3' }","duration":0.22053099999999404,"failureMessages":[],"meta":{}},{"ancestorTitles":["validateServiceDefinition"],"fullName":"validateServiceDefinition throws for invalid field in { friendlyName: 42, serviceType: 'S3' }","status":"passed","title":"throws for invalid field in { friendlyName: 42, serviceType: 'S3' }","duration":0.22117200000002413,"failureMessages":[],"meta":{}},{"ancestorTitles":["validateServiceDefinition"],"fullName":"validateServiceDefinition throws for invalid field in { friendlyName: 'X' }","status":"passed","title":"throws for invalid field in { friendlyName: 'X' }","duration":0.24454600000001392,"failureMessages":[],"meta":{}},{"ancestorTitles":["validateServiceDefinition"],"fullName":"validateServiceDefinition throws for invalid field in { friendlyName: 'X', serviceType: 'UNKNOWN' }","status":"passed","title":"throws for invalid field in { friendlyName: 'X', serviceType: 'UNKNOWN' }","duration":3.473934999999983,"failureMessages":[],"meta":{}},{"ancestorTitles":["validateServiceDefinition","outgoingConnections"],"fullName":"validateServiceDefinition outgoingConnections parses valid outgoing connections","status":"passed","title":"parses valid outgoing connections","duration":1.212379999999996,"failureMessages":[],"meta":{}},{"ancestorTitles":["validateServiceDefinition","outgoingConnections"],"fullName":"validateServiceDefinition outgoingConnections throws for invalid connection in { friendlyName: 'API Gateway', serviceType: 'LAMBDA', description: 'Handles routing', outgoingConnections: 'bad' }","status":"passed","title":"throws for invalid connection in { friendlyName: 'API Gateway', serviceType: 'LAMBDA', description: 'Handles routing', outgoingConnections: 'bad' }","duration":0.33985300000000507,"failureMessages":[],"meta":{}},{"ancestorTitles":["validateServiceDefinition","outgoingConnections"],"fullName":"validateServiceDefinition outgoingConnections throws for invalid connection in { friendlyName: 'API Gateway', serviceType: 'LAMBDA', description: 'Handles routing', outgoingConnections: [ { connectionType: 'UNKNOWN', targetIdentifier: 'data/x', description: 'x' } ] }","status":"passed","title":"throws for invalid connection in { friendlyName: 'API Gateway', serviceType: 'LAMBDA', description: 'Handles routing', outgoingConnections: [ { connectionType: 'UNKNOWN', targetIdentifier: 'data/x', description: 'x' } ] }","duration":0.19258899999999812,"failureMessages":[],"meta":{}},{"ancestorTitles":["validateServiceDefinition","outgoingConnections"],"fullName":"validateServiceDefinition outgoingConnections throws for invalid connection in { friendlyName: 'API Gateway', serviceType: 'LAMBDA', description: 'Handles routing', outgoingConnections: [ { connectionType: 'CALLS', targetIdentifier: 'no-slash', description: 'x' } ] }","status":"passed","title":"throws for invalid connection in { friendlyName: 'API Gateway', serviceType: 'LAMBDA', description: 'Handles routing', outgoingConnections: [ { connectionType: 'CALLS', targetIdentifier: 'no-slash', description: 'x' } ] }","duration":0.20401000000003933,"failureMessages":[],"meta":{}},{"ancestorTitles":["validateServiceDefinition","outgoingConnections"],"fullName":"validateServiceDefinition outgoingConnections throws for invalid connection in { friendlyName: 'API Gateway', serviceType: 'LAMBDA', description: 'Handles routing', outgoingConnections: [ { connectionType: 'CALLS', targetIdentifier: 'data/x' } ] }","status":"passed","title":"throws for invalid connection in { friendlyName: 'API Gateway', serviceType: 'LAMBDA', description: 'Handles routing', outgoingConnections: [ { connectionType: 'CALLS', targetIdentifier: 'data/x' } ] }","duration":0.1771500000000401,"failureMessages":[],"meta":{}},{"ancestorTitles":["validateGroupInfo"],"fullName":"validateGroupInfo returns a correct GroupInfo for valid input","status":"passed","title":"returns a correct GroupInfo for valid input","duration":0.26600500000000693,"failureMessages":[],"meta":{}},{"ancestorTitles":["validateGroupInfo"],"fullName":"validateGroupInfo includes optional description and teamId when provided","status":"passed","title":"includes optional description and teamId when provided","duration":0.20629500000001144,"failureMessages":[],"meta":{}},{"ancestorTitles":["validateGroupInfo"],"fullName":"validateGroupInfo sets both id and groupName to the groupId argument","status":"passed","title":"sets both id and groupName to the groupId argument","duration":0.19586500000002616,"failureMessages":[],"meta":{}},{"ancestorTitles":["validateGroupInfo"],"fullName":"validateGroupInfo throws for invalid root input null","status":"passed","title":"throws for invalid root input null","duration":0.2787100000000464,"failureMessages":[],"meta":{}},{"ancestorTitles":["validateGroupInfo"],"fullName":"validateGroupInfo throws for invalid root input 42","status":"passed","title":"throws for invalid root input 42","duration":0.17855299999996532,"failureMessages":[],"meta":{}},{"ancestorTitles":["validateGroupInfo"],"fullName":"validateGroupInfo throws for invalid name in {}","status":"passed","title":"throws for invalid name in {}","duration":0.2374629999999911,"failureMessages":[],"meta":{}},{"ancestorTitles":["validateGroupInfo"],"fullName":"validateGroupInfo throws for invalid name in { name: '' }","status":"passed","title":"throws for invalid name in { name: '' }","duration":0.17850300000003472,"failureMessages":[],"meta":{}},{"ancestorTitles":["validateGroupInfo"],"fullName":"validateGroupInfo throws for invalid name in { name: 42 }","status":"passed","title":"throws for invalid name in { name: 42 }","duration":0.1890229999999633,"failureMessages":[],"meta":{}},{"ancestorTitles":["validateTeam"],"fullName":"validateTeam returns a correct Team for valid minimal input","status":"passed","title":"returns a correct Team for valid minimal input","duration":0.3309669999999869,"failureMessages":[],"meta":{}},{"ancestorTitles":["validateTeam"],"fullName":"validateTeam includes optional description and teamLead when provided","status":"passed","title":"includes optional description and teamLead when provided","duration":0.21467000000001235,"failureMessages":[],"meta":{}},{"ancestorTitles":["validateTeam"],"fullName":"validateTeam sets teamId to the teamId argument","status":"passed","title":"sets teamId to the teamId argument","duration":0.1497889999999984,"failureMessages":[],"meta":{}},{"ancestorTitles":["validateTeam"],"fullName":"validateTeam throws for invalid root input null","status":"passed","title":"throws for invalid root input null","duration":0.26524400000005244,"failureMessages":[],"meta":{}},{"ancestorTitles":["validateTeam"],"fullName":"validateTeam throws for invalid root input bad","status":"passed","title":"throws for invalid root input bad","duration":0.21094300000004296,"failureMessages":[],"meta":{}},{"ancestorTitles":["validateTeam"],"fullName":"validateTeam throws for invalid name in {}","status":"passed","title":"throws for invalid name in {}","duration":0.25585700000004863,"failureMessages":[],"meta":{}},{"ancestorTitles":["validateTeam"],"fullName":"validateTeam throws for invalid name in { name: '' }","status":"passed","title":"throws for invalid name in { name: '' }","duration":0.19361100000003262,"failureMessages":[],"meta":{}},{"ancestorTitles":["validateTeam","reachability"],"fullName":"validateTeam reachability parses reachability entries [ { channel: 'slack', detail: '#cloud-shepherds' } ] correctly","status":"passed","title":"parses reachability entries [ { channel: 'slack', detail: '#cloud-shepherds' } ] correctly","duration":0.3711619999999698,"failureMessages":[],"meta":{}},{"ancestorTitles":["validateTeam","reachability"],"fullName":"validateTeam reachability parses reachability entries [ { channel: 'slack', detail: '#team' }, { channel: 'email', detail: 'team@co.com' } ] correctly","status":"passed","title":"parses reachability entries [ { channel: 'slack', detail: '#team' }, { channel: 'email', detail: 'team@co.com' } ] correctly","duration":0.20967100000001437,"failureMessages":[],"meta":{}},{"ancestorTitles":["validateTeam","reachability"],"fullName":"validateTeam reachability returns empty reachability when the field is absent","status":"passed","title":"returns empty reachability when the field is absent","duration":0.17551800000001094,"failureMessages":[],"meta":{}},{"ancestorTitles":["validateTeam","reachability"],"fullName":"validateTeam reachability throws for invalid reachability [ 'bad' ]","status":"passed","title":"throws for invalid reachability [ 'bad' ]","duration":0.26006399999999985,"failureMessages":[],"meta":{}},{"ancestorTitles":["validateTeam","reachability"],"fullName":"validateTeam reachability throws for invalid reachability [ { detail: '#x' } ]","status":"passed","title":"throws for invalid reachability [ { detail: '#x' } ]","duration":0.20553300000000263,"failureMessages":[],"meta":{}},{"ancestorTitles":["validateTeam","reachability"],"fullName":"validateTeam reachability throws for invalid reachability [ { channel: 'carrier-pigeon', detail: 'x' } ]","status":"passed","title":"throws for invalid reachability [ { channel: 'carrier-pigeon', detail: 'x' } ]","duration":0.20042300000000068,"failureMessages":[],"meta":{}},{"ancestorTitles":["validateTeam","reachability"],"fullName":"validateTeam reachability throws for invalid reachability [ { channel: 'slack' } ]","status":"passed","title":"throws for invalid reachability [ { channel: 'slack' } ]","duration":1.3278850000000375,"failureMessages":[],"meta":{}},{"ancestorTitles":["validateTeam","reachability"],"fullName":"validateTeam reachability throws for invalid reachability [ { channel: 'slack', detail: '' } ]","status":"passed","title":"throws for invalid reachability [ { channel: 'slack', detail: '' } ]","duration":2.1383860000000254,"failureMessages":[],"meta":{}},{"ancestorTitles":["validateTeam","reachability"],"fullName":"validateTeam reachability includes the list of allowed channels in the error for an unknown channel","status":"passed","title":"includes the list of allowed channels in the error for an unknown channel","duration":0.3012719999999831,"failureMessages":[],"meta":{}}],"startTime":1772375333940,"endTime":1772375333967.3013,"status":"passed","message":"","name":"/home/runner/work/resource-mapper/resource-mapper/packages/shared/src/validators.test.ts"}]}